2023-10-19 00:11:16.709 | DEBUG    | __main__:main:51 - Программа инициализирована
2023-10-19 00:11:19.021 | INFO     | __main__:main:59 - Пользователь ввёл данные name = Тест
2023-10-19 00:11:19.547 | INFO     | __main__:main:63 - Пользователь ввёл данные length = 1.0
2023-10-19 00:11:19.914 | INFO     | __main__:main:65 - Пользователь ввёл данные width = 2.0
2023-10-19 00:11:20.304 | INFO     | __main__:main:67 - Пользователь ввёл данные height = 3.0
2023-10-19 00:11:20.304 | SUCCESS  | __main__:calculate_wall_area:13 - Площадь стен посчитана
2023-10-19 00:11:20.304 | SUCCESS  | __main__:calculate_ceiling_area:17 - Площадь потолка посчитана
2023-10-19 00:11:20.304 | SUCCESS  | __main__:calculate_floor_area:21 - Площадь пола посчитана
2023-10-19 00:11:20.305 | SUCCESS  | __main__:add_room:37 - Комната добавлена
2023-10-19 00:11:26.716 | INFO     | __main__:main:59 - Пользователь ввёл данные name = Тест 2
2023-10-19 00:11:28.214 | INFO     | __main__:main:63 - Пользователь ввёл данные length = 4.0
2023-10-19 00:11:28.577 | INFO     | __main__:main:65 - Пользователь ввёл данные width = 5.0
2023-10-19 00:11:29.063 | INFO     | __main__:main:67 - Пользователь ввёл данные height = 6.0
2023-10-19 00:11:29.064 | SUCCESS  | __main__:calculate_wall_area:13 - Площадь стен посчитана
2023-10-19 00:11:29.064 | SUCCESS  | __main__:calculate_ceiling_area:17 - Площадь потолка посчитана
2023-10-19 00:11:29.064 | SUCCESS  | __main__:calculate_floor_area:21 - Площадь пола посчитана
2023-10-19 00:11:29.064 | SUCCESS  | __main__:add_room:37 - Комната добавлена
2023-10-19 00:11:33.029 | INFO     | __main__:main:76 - Пользователь ввёл данные wall_cost = 7.0
2023-10-19 00:11:33.392 | INFO     | __main__:main:78 - Пользователь ввёл данные ceiling_cost = 8.0
2023-10-19 00:11:33.955 | INFO     | __main__:main:80 - Пользователь ввёл данные floor_cost = 9.0
2023-10-19 00:11:33.955 | SUCCESS  | __main__:calculate_total_cost:44 - Результат посчитан total_cost = 227.125
2023-10-19 00:11:33.956 | INFO     | __main__:main:85 - Открыт файл results.csv
2023-10-19 00:11:33.957 | SUCCESS  | __main__:calculate_wall_area:13 - Площадь стен посчитана
2023-10-19 00:11:33.957 | SUCCESS  | __main__:calculate_floor_area:21 - Площадь пола посчитана
2023-10-19 00:11:33.957 | SUCCESS  | __main__:calculate_ceiling_area:17 - Площадь потолка посчитана
2023-10-19 00:11:33.957 | SUCCESS  | __main__:calculate_wall_area:13 - Площадь стен посчитана
2023-10-19 00:11:33.957 | SUCCESS  | __main__:calculate_floor_area:21 - Площадь пола посчитана
2023-10-19 00:11:33.957 | SUCCESS  | __main__:calculate_ceiling_area:17 - Площадь потолка посчитана
2023-10-19 00:11:33.957 | SUCCESS  | __main__:<module>:102 - Расчёт стоимости окончен. Программа завершена.
